  ▲ Next.js 14.2.28
  - Local:        http://localhost:3000
  - Environments: .env
  - Experiments (use with caution):
    · outputFileTracingRoot

 ✓ Starting...
 ✓ Ready in 1881ms
 ○ Compiling / ...
 ✓ Compiled / in 3s (791 modules)
 GET / 200 in 3185ms
 ✓ Compiled in 403ms (279 modules)
 ✓ Compiled /api/auth/[...nextauth] in 202ms (509 modules)
 GET /api/auth/providers 200 in 601ms
 GET / 200 in 60ms
 ○ Compiling /login ...
 ✓ Compiled /login in 612ms (861 modules)
 GET /api/auth/session 200 in 706ms
 GET /api/auth/session 200 in 30ms
 ✓ Compiled /register in 296ms (871 modules)
 GET /register 200 in 379ms
 GET /api/auth/session 200 in 41ms
 GET /api/auth/session 200 in 22ms
 GET /login 200 in 40ms
 GET /api/auth/session 200 in 31ms
 GET /api/auth/session 200 in 21ms
 GET /api/auth/csrf 200 in 31ms
 ✓ Compiled /api/signup in 353ms (585 modules)
 POST /api/signup 200 in 598ms
 GET / 200 in 60ms
 GET /api/auth/signin 302 in 39ms
 GET /login?callbackUrl=https://120f52ae02.preview.abacusai.app 200 in 39ms
 GET /api/auth/csrf 200 in 20ms
 POST /api/auth/callback/credentials 302 in 97ms
 ○ Compiling /dashboard ...
 ✓ Compiled /dashboard in 1191ms (1533 modules)
 GET /dashboard 200 in 1287ms
 GET / 200 in 35ms
 GET /dashboard 200 in 45ms
 GET /api/auth/session 200 in 62ms
 GET /dashboard?_rsc=iqngu 200 in 31ms
 ✓ Compiled /api/clusters in 244ms (909 modules)
 ✓ Compiled (913 modules)
 GET /api/auth/session 200 in 522ms
 GET /api/clusters 200 in 556ms
 GET /api/organizations 200 in 563ms
 GET /api/projects 200 in 564ms
 GET /api/auth/session 200 in 24ms
 GET /api/clusters 200 in 49ms
 GET /api/organizations 200 in 45ms
 GET /api/projects 200 in 50ms
 GET /api/auth/session 200 in 41ms
 GET /api/clusters 200 in 36ms
 GET /api/organizations 200 in 42ms
 GET /api/projects 200 in 45ms
 GET /api/auth/session 200 in 44ms
 GET /api/clusters 200 in 39ms
 GET /api/organizations 200 in 37ms
 GET /api/projects 200 in 44ms
 GET /api/auth/session 200 in 37ms
 ○ Compiling /clusters/new ...
 ✓ Compiled /clusters/new in 1562ms (1747 modules)
 GET /clusters/new 200 in 1739ms
 GET /clusters 200 in 1743ms
 GET /projects 200 in 1751ms
 GET /clusters/main-cluster 200 in 2118ms
 GET /api/projects 200 in 51ms
 GET /api/auth/session 200 in 74ms
 GET /api/clusters 200 in 72ms
 GET /api/projects 200 in 54ms
 GET /api/auth/session 200 in 50ms
 GET /api/clusters 200 in 49ms
 GET /api/projects 200 in 40ms
 GET /api/auth/session 200 in 33ms
 GET /api/projects 200 in 33ms
 GET /api/auth/session 200 in 29ms
 GET /api/auth/session 200 in 21ms
 GET /api/auth/session 200 in 26ms
 ✓ Compiled /api/clusters/[id] in 290ms (1022 modules)
 GET /api/auth/session 200 in 606ms
 GET /api/auth/session 200 in 21ms
 GET /api/auth/session 200 in 24ms
 GET /api/auth/session 200 in 30ms
 GET /api/auth/session 200 in 24ms
 GET /api/auth/session 200 in 21ms
 GET /api/auth/session 200 in 35ms
 GET /api/clusters/main-cluster 200 in 932ms
 GET /api/clusters/main-cluster 200 in 42ms
[?25h
