  ▲ Next.js 14.2.28
  - Local:        http://localhost:3000
  - Environments: .env
  - Experiments (use with caution):
    · outputFileTracingRoot

 ✓ Starting...
 ✓ Ready in 1777ms
 ○ Compiling / ...
 ✓ Compiled / in 2.2s (784 modules)
 GET / 200 in 2639ms
 ✓ Compiled in 408ms (279 modules)
 GET / 200 in 52ms
 GET / 200 in 43ms
 GET / 200 in 38ms
 ○ Compiling /api/auth/[...nextauth] ...
 ✓ Compiled /api/auth/[...nextauth] in 1785ms (1642 modules)
 GET /dashboard?_rsc=iqngu 200 in 37ms
 GET /api/auth/session 200 in 2186ms
 GET /api/auth/session 200 in 38ms
 ✓ Compiled /api/clusters in 230ms (972 modules)
 ✓ Compiled (976 modules)
 GET /api/projects 200 in 624ms
 GET /api/organizations 200 in 637ms
 GET /api/clusters 200 in 638ms
 GET /api/projects 200 in 81ms
 GET /api/clusters 200 in 85ms
 GET /api/organizations 200 in 88ms
 GET / 200 in 72ms
 GET /api/auth/session 200 in 40ms
 GET / 200 in 35ms
 ○ Compiling /clusters/[id] ...
 ✓ Compiled /clusters/[id] in 757ms (1699 modules)
 ✓ Compiled /api/clusters/[id] in 170ms (998 modules)
 GET /api/clusters/main-cluster 200 in 555ms
 GET /api/clusters/main-cluster 200 in 43ms
 ○ Compiling /clusters/[id]/backups ...
 ✓ Compiled /clusters/[id]/backups in 557ms (1759 modules)
 GET /api/clusters/main-cluster 200 in 41ms
 GET /api/clusters/main-cluster 200 in 27ms
 ✓ Compiled /api/backups in 171ms (1017 modules)
 GET /api/backups?clusterId=main-cluster 200 in 225ms
 GET /api/backups?clusterId=main-cluster 200 in 27ms
 GET / 200 in 70ms
 GET /api/clusters/main-cluster 200 in 43ms
 GET /api/clusters/main-cluster 200 in 31ms
 ○ Compiling /clusters/[id]/pools ...
 ✓ Compiled /clusters/[id]/pools in 605ms (1785 modules)
 GET /api/clusters/main-cluster 200 in 54ms
 ✓ Compiled /api/connection-pools in 242ms (1032 modules)
 GET /api/connection-pools?clusterId=main-cluster 200 in 550ms
 GET /api/clusters/main-cluster 200 in 383ms
 GET /api/connection-pools?clusterId=main-cluster 200 in 32ms
 GET /api/connection-pools?clusterId=main-cluster 200 in 29ms
 GET /api/connection-pools?clusterId=main-cluster 200 in 29ms
 GET / 200 in 51ms
 GET /api/connection-pools?clusterId=main-cluster 200 in 30ms
 GET /api/connection-pools?clusterId=main-cluster 200 in 29ms
 GET /api/connection-pools?clusterId=main-cluster 200 in 31ms
 GET /api/connection-pools?clusterId=main-cluster 200 in 30ms
 GET /api/connection-pools?clusterId=main-cluster 200 in 30ms
 GET /api/connection-pools?clusterId=main-cluster 200 in 31ms
 GET / 200 in 35ms
 GET /api/connection-pools?clusterId=main-cluster 200 in 32ms
 GET /api/connection-pools?clusterId=main-cluster 200 in 30ms
 GET /api/connection-pools?clusterId=main-cluster 200 in 32ms
 GET /api/clusters/main-cluster 200 in 68ms
 GET /api/clusters/main-cluster 200 in 31ms
 ○ Compiling /clusters/[id]/alerts ...
 ✓ Compiled /clusters/[id]/alerts in 776ms (1788 modules)
 ✓ Compiled /api/alerts in 208ms (1023 modules)
 GET /api/clusters/main-cluster 200 in 454ms
 GET /api/alerts?clusterId=main-cluster 200 in 465ms
 GET /api/alerts?clusterId=main-cluster 200 in 53ms
 GET /api/clusters/main-cluster 200 in 51ms
 POST /api/alerts 200 in 51ms
 GET /api/alerts?clusterId=main-cluster 200 in 35ms
 GET / 200 in 71ms
 GET / 200 in 40ms
 PATCH /api/alerts 200 in 36ms
 GET /api/alerts?clusterId=main-cluster 200 in 30ms
 PATCH /api/alerts 200 in 33ms
 GET /api/alerts?clusterId=main-cluster 200 in 32ms
 DELETE /api/alerts?id=cmlcs0imm0001wq4s8qbefrk1 200 in 34ms
 GET /api/alerts?clusterId=main-cluster 200 in 31ms
 GET / 200 in 41ms
 DELETE /api/alerts?id=cmlcs0iml0000wq4swwog3tcg 200 in 35ms
 GET /api/alerts?clusterId=main-cluster 200 in 32ms
 PATCH /api/alerts 200 in 36ms
 GET /api/alerts?clusterId=main-cluster 200 in 34ms
 PATCH /api/alerts 200 in 37ms
 GET /api/alerts?clusterId=main-cluster 200 in 32ms
 DELETE /api/alerts?id=cmlcs0in10002wq4sh59j4blp 200 in 36ms
 GET /api/alerts?clusterId=main-cluster 200 in 30ms
 GET /api/clusters/main-cluster 200 in 45ms
 GET / 200 in 36ms
 GET /api/clusters/main-cluster 200 in 29ms
