  ▲ Next.js 14.2.28
  - Local:        http://localhost:3000
  - Environments: .env
  - Experiments (use with caution):
    · outputFileTracingRoot

 ✓ Starting...
 ✓ Ready in 1827ms
 ○ Compiling / ...
 ✓ Compiled / in 2.6s (791 modules)
 GET / 200 in 3002ms
 ✓ Compiled in 432ms (279 modules)
 ✓ Compiled /api/auth/[...nextauth] in 169ms (509 modules)
 GET /api/auth/providers 200 in 549ms
 GET / 200 in 69ms
 ○ Compiling /login ...
 ✓ Compiled /login in 594ms (867 modules)
 GET /api/auth/session 200 in 698ms
 GET /api/auth/session 200 in 43ms
 ✓ Compiled /register in 267ms (877 modules)
 GET /register 200 in 354ms
 GET /api/auth/session 200 in 50ms
 GET /api/auth/session 200 in 30ms
 GET /login 200 in 47ms
 GET /api/auth/session 200 in 40ms
 GET /api/auth/session 200 in 29ms
 GET /api/auth/csrf 200 in 41ms
 ✓ Compiled /api/signup in 344ms (588 modules)
 POST /api/signup 200 in 597ms
 GET / 200 in 66ms
 GET /api/auth/signin 302 in 46ms
 GET /login?callbackUrl=https://14d6609f27.preview.abacusai.app 200 in 46ms
 GET /api/auth/csrf 200 in 33ms
 POST /api/auth/callback/credentials 302 in 111ms
 ○ Compiling /dashboard ...
 ✓ Compiled /dashboard in 1485ms (1697 modules)
 GET /dashboard 200 in 1612ms
 GET / 200 in 42ms
 GET /dashboard 200 in 51ms
 GET /api/auth/session 200 in 67ms
 ✓ Compiled /api/projects in 221ms (991 modules)
 ✓ Compiled (995 modules)
 GET /api/organizations 200 in 509ms
 GET /api/projects 200 in 546ms
 GET /api/clusters 200 in 550ms
 GET /api/auth/session 200 in 522ms
 GET /dashboard?_rsc=iqngu 200 in 531ms
 GET /api/organizations 200 in 42ms
 GET /api/projects 200 in 71ms
 GET /api/clusters 200 in 63ms
 GET /api/auth/session 200 in 64ms
 GET /api/auth/session 200 in 37ms
 GET /api/organizations 200 in 61ms
 GET /api/projects 200 in 66ms
 GET /api/clusters 200 in 67ms
 GET /api/auth/session 200 in 64ms
 GET /api/organizations 200 in 64ms
 GET /api/clusters 200 in 67ms
 GET /api/projects 200 in 73ms
 GET /api/auth/session 200 in 68ms
 ○ Compiling /clusters/[id] ...
 ✓ Compiled /clusters/[id] in 1280ms (1839 modules)
 GET /projects 200 in 1471ms
 GET /admin/users 200 in 1466ms
 GET /clusters/new 200 in 1466ms
 GET /clusters 200 in 1473ms
 GET /clusters/main-cluster 200 in 1802ms
 GET /api/projects 200 in 81ms
 GET /api/auth/session 200 in 99ms
 GET /api/clusters 200 in 112ms
 GET /api/projects 200 in 110ms
 GET /api/auth/session 200 in 95ms
 ✓ Compiled /api/clusters/[id] in 317ms (1069 modules)
 ✓ Compiled (1071 modules)
 GET /api/clusters 200 in 687ms
 GET /api/auth/session 200 in 641ms
 GET /api/projects 200 in 676ms
 GET /api/admin/users 200 in 729ms
 GET /api/projects 200 in 65ms
 GET /api/auth/session 200 in 58ms
 GET /api/admin/users 200 in 64ms
 GET /api/auth/session 200 in 31ms
 GET /api/auth/session 200 in 31ms
 GET /api/auth/session 200 in 31ms
 GET /api/clusters/main-cluster 200 in 744ms
 GET /api/auth/session 200 in 53ms
 GET /api/clusters/main-cluster 200 in 69ms
 GET /api/auth/session 200 in 60ms
 GET /api/auth/session 200 in 34ms
 GET /api/auth/session 200 in 35ms
 GET /api/auth/session 200 in 36ms
 GET /api/auth/session 200 in 49ms
 GET /api/auth/session 200 in 30ms
 GET /api/auth/session 200 in 31ms
 GET /api/auth/session 200 in 34ms
 GET /api/auth/session 200 in 32ms
 GET /api/auth/session 200 in 33ms
 GET /api/auth/session 200 in 42ms
 GET /api/auth/session 200 in 30ms
 GET /api/auth/session 200 in 29ms
 ○ Compiling /clusters/[id]/failover ...
 ✓ Compiled /clusters/[id]/failover in 1923ms (1979 modules)
 GET /clusters/main-cluster/pools 200 in 2611ms
 GET /clusters/main-cluster/routing 200 in 2617ms
 GET /clusters/main-cluster/incidents 200 in 2619ms
 GET /clusters/main-cluster/replication 200 in 2667ms
 GET /clusters/main-cluster/queries 200 in 2666ms
 GET /clusters/main-cluster/alerts 200 in 2678ms
 GET /clusters/main-cluster/failover 200 in 2812ms
 GET /clusters/main-cluster/backups 200 in 2830ms
 GET /clusters/main-cluster/endpoints 200 in 2860ms
 ○ Compiling /api/connection-endpoints ...
 ✓ Compiled /api/connection-endpoints in 3.4s (1150 modules)
 ✓ Compiled (1166 modules)
 GET /api/auth/session 200 in 638ms
 GET /api/auth/session 200 in 639ms
 GET /api/routing?clusterId=main-cluster 200 in 4119ms
 GET /api/routing?clusterId=main-cluster 200 in 34ms
[?25h
