  ▲ Next.js 14.2.28
  - Local:        http://localhost:3000
  - Environments: .env
  - Experiments (use with caution):
    · outputFileTracingRoot

 ✓ Starting...
 ✓ Ready in 1706ms
 ○ Compiling / ...
 ✓ Compiled / in 2.7s (791 modules)
 GET / 200 in 2959ms
 ✓ Compiled in 433ms (279 modules)
 ✓ Compiled /api/auth/[...nextauth] in 217ms (509 modules)
 GET /api/auth/providers 200 in 619ms
 GET / 200 in 75ms
 ○ Compiling /login ...
 ✓ Compiled /login in 675ms (867 modules)
 GET /api/auth/session 200 in 813ms
 GET /api/auth/session 200 in 55ms
 ✓ Compiled /register in 295ms (877 modules)
 GET /register 200 in 393ms
 GET /api/auth/session 200 in 55ms
 GET /api/auth/session 200 in 39ms
 GET /login 200 in 115ms
 GET /api/auth/session 200 in 118ms
 GET /api/auth/session 200 in 56ms
 GET /api/auth/csrf 200 in 48ms
 ✓ Compiled /api/signup in 460ms (588 modules)
 POST /api/signup 200 in 746ms
 GET / 200 in 83ms
 GET /api/auth/signin 302 in 61ms
 GET /login?callbackUrl=https://14d6609f27.preview.abacusai.app 200 in 77ms
 GET /api/auth/csrf 200 in 37ms
 POST /api/auth/callback/credentials 302 in 119ms
 ○ Compiling /dashboard ...
 ✓ Compiled /dashboard in 1761ms (1699 modules)
 GET /dashboard 200 in 1907ms
 GET / 200 in 128ms
 GET /dashboard 200 in 124ms
 GET /api/auth/session 200 in 146ms
 ✓ Compiled /api/projects in 368ms (992 modules)
 ✓ Compiled (996 modules)
 GET /api/organizations 200 in 805ms
 GET /api/clusters 200 in 831ms
 GET /api/projects 200 in 832ms
 GET /api/auth/session 200 in 753ms
 GET /dashboard?_rsc=iqngu 200 in 758ms
 GET /api/organizations 200 in 103ms
 GET /api/projects 200 in 117ms
 GET /api/clusters 200 in 123ms
 GET /api/auth/session 200 in 127ms
 GET /api/auth/session 200 in 57ms
 GET /api/organizations 200 in 78ms
 GET /api/projects 200 in 96ms
 GET /api/clusters 200 in 117ms
 GET /api/auth/session 200 in 111ms
 GET /api/organizations 200 in 100ms
 GET /api/projects 200 in 93ms
 GET /api/clusters 200 in 109ms
 GET /api/auth/session 200 in 91ms
 ○ Compiling /clusters/[id] ...
 ✓ Compiled /clusters/[id] in 1104ms (1801 modules)
 GET /clusters 200 in 1277ms
 GET /projects 200 in 1279ms
 GET /clusters/new 200 in 1274ms
 GET /clusters/main-cluster 200 in 1588ms
 GET /api/projects 200 in 65ms
 GET /api/auth/session 200 in 87ms
 GET /api/clusters 200 in 94ms
 GET /api/projects 200 in 69ms
 GET /api/auth/session 200 in 63ms
 GET /api/clusters 200 in 55ms
 GET /api/projects 200 in 53ms
 GET /api/auth/session 200 in 54ms
 GET /api/projects 200 in 49ms
 GET /api/auth/session 200 in 45ms
 GET /api/auth/session 200 in 63ms
 ✓ Compiled /api/clusters/[id] in 266ms (1049 modules)
 GET /api/auth/session 200 in 647ms
 GET /api/auth/session 200 in 42ms
 GET /api/auth/session 200 in 36ms
 GET /api/auth/session 200 in 58ms
 GET /api/auth/session 200 in 50ms
 GET /api/clusters/main-cluster 200 in 995ms
 GET /api/auth/session 200 in 62ms
 GET /api/clusters/main-cluster 200 in 76ms
 GET /api/auth/session 200 in 44ms
 GET /api/auth/session 200 in 47ms
 ○ Compiling /clusters/[id]/replication ...
 ✓ Compiled /clusters/[id]/replication in 1982ms (1955 modules)
 GET /clusters/main-cluster/incidents 200 in 2773ms
 GET /clusters/main-cluster/queries 200 in 2781ms
 GET /clusters/main-cluster/alerts 200 in 2794ms
 GET /clusters/main-cluster/pools 200 in 2789ms
 GET /clusters/main-cluster/routing 200 in 2794ms
 GET /clusters/main-cluster/endpoints 200 in 2829ms
 GET /clusters/main-cluster/replication 200 in 2878ms
 GET /clusters/main-cluster/failover 200 in 2883ms
 GET /clusters/main-cluster/backups 200 in 2996ms
 ○ Compiling /api/backups ...
 GET /api/clusters/main-cluster 200 in 3734ms
 GET /api/auth/session 200 in 3731ms
 ✓ Compiled /api/backups in 4.1s (1136 modules)
 ✓ Compiled (1152 modules)
 GET /api/auth/session 200 in 1292ms
 GET /api/routing?clusterId=main-cluster 200 in 5013ms
 GET /api/auth/session 200 in 46ms
 GET /api/routing?clusterId=main-cluster 200 in 45ms
[?25h
