  ▲ Next.js 14.2.28
  - Local:        http://localhost:3000
  - Environments: .env
  - Experiments (use with caution):
    · outputFileTracingRoot

 ✓ Starting...
 ✓ Ready in 1906ms
 ○ Compiling / ...
 ✓ Compiled / in 2.6s (791 modules)
 GET / 200 in 2922ms
 GET / 200 in 2729ms
 GET / 200 in 3033ms
 ✓ Compiled in 449ms (279 modules)
 GET / 200 in 45ms
 GET / 200 in 36ms
 GET / 200 in 35ms
 GET / 200 in 37ms
 GET / 200 in 39ms
 ○ Compiling /api/auth/[...nextauth] ...
 ✓ Compiled /api/auth/[...nextauth] in 1751ms (1644 modules)
 GET /dashboard?_rsc=iqngu 200 in 40ms
 GET /api/auth/session 200 in 2171ms
 GET /api/auth/session 200 in 40ms
 ✓ Compiled /api/projects in 193ms (973 modules)
 ✓ Compiled (977 modules)
 GET /api/organizations 200 in 544ms
 GET /api/projects 200 in 556ms
 GET /api/clusters 200 in 558ms
 GET /api/organizations 200 in 47ms
 GET /api/projects 200 in 60ms
 GET /api/clusters 200 in 49ms
 GET / 200 in 69ms
 GET / 200 in 38ms
 GET / 200 in 45ms
 GET / 200 in 40ms
 GET / 200 in 43ms
 GET / 200 in 38ms
 GET / 200 in 42ms
 GET / 200 in 37ms
 GET / 200 in 41ms
 GET / 200 in 39ms
 GET / 200 in 40ms
 GET / 200 in 38ms
 GET / 200 in 35ms
 GET /api/auth/session 200 in 54ms
 ○ Compiling /admin/users ...
 ✓ Compiled /admin/users in 762ms (1702 modules)
 ✓ Compiled /api/admin/users in 300ms (995 modules)
 GET /api/admin/users 200 in 422ms
 GET /api/admin/users 200 in 36ms
 GET / 200 in 65ms
 ✓ Compiled /dashboard in 282ms (1009 modules)
 ✓ Compiled /api/organizations in 152ms (1012 modules)
 GET /api/organizations 200 in 202ms
 ✓ Compiled /api/projects in 175ms (1014 modules)
 ✓ Compiled (1016 modules)
 GET /api/organizations 200 in 307ms
 GET /api/clusters 200 in 430ms
 GET /api/projects 200 in 403ms
 GET /api/clusters 200 in 45ms
 GET /api/projects 200 in 42ms
 GET / 200 in 51ms
 GET / 200 in 40ms
 GET / 200 in 38ms
 GET / 200 in 38ms
 GET / 200 in 38ms
 GET / 200 in 38ms
 GET / 200 in 39ms
 GET / 200 in 40ms
 GET / 200 in 37ms
 GET / 200 in 40ms
 GET / 200 in 36ms
 GET / 200 in 44ms
 GET / 200 in 37ms
 GET / 200 in 41ms
 GET / 200 in 41ms
 GET / 200 in 39ms
 GET / 200 in 38ms
 GET / 200 in 44ms
 GET / 200 in 40ms
 GET / 200 in 37ms
 GET / 200 in 35ms
 GET / 200 in 41ms
 GET / 200 in 38ms
 GET / 200 in 48ms
 GET / 200 in 39ms
