  ▲ Next.js 14.2.28
  - Local:        http://localhost:3000
  - Environments: .env
  - Experiments (use with caution):
    · outputFileTracingRoot

 ✓ Starting...
 ✓ Ready in 1770ms
 ○ Compiling / ...
 ✓ Compiled / in 2.6s (791 modules)
 GET / 200 in 3001ms
 ✓ Compiled in 425ms (279 modules)
 ✓ Compiled /api/auth/[...nextauth] in 283ms (509 modules)
 GET /api/auth/providers 200 in 683ms
 GET / 200 in 75ms
 ○ Compiling /login ...
 ✓ Compiled /login in 656ms (861 modules)
 GET /api/auth/session 200 in 756ms
 GET /api/auth/session 200 in 26ms
 ✓ Compiled /register in 278ms (871 modules)
 GET /register 200 in 367ms
 GET /api/auth/session 200 in 48ms
 GET /api/auth/session 200 in 31ms
 GET /login 200 in 47ms
 GET /api/auth/session 200 in 40ms
 GET /api/auth/session 200 in 29ms
 GET /api/auth/csrf 200 in 40ms
 ✓ Compiled /api/signup in 300ms (585 modules)
 POST /api/signup 200 in 547ms
 GET / 200 in 60ms
 GET /api/auth/signin 302 in 45ms
 GET /login?callbackUrl=https://120f52ae02.preview.abacusai.app 200 in 54ms
 GET /api/auth/csrf 200 in 27ms
 POST /api/auth/callback/credentials 302 in 104ms
 ○ Compiling /dashboard ...
 ✓ Compiled /dashboard in 1461ms (1691 modules)
 GET /dashboard 200 in 1585ms
 GET / 200 in 45ms
 GET /dashboard 200 in 58ms
 GET /api/auth/session 200 in 94ms
 ✓ Compiled /api/clusters in 229ms (988 modules)
 ✓ Compiled (992 modules)
 GET /api/organizations 200 in 584ms
 GET /api/projects 200 in 611ms
 GET /api/clusters 200 in 623ms
 GET /dashboard?_rsc=iqngu 200 in 554ms
 GET /api/organizations 200 in 76ms
 GET /api/projects 200 in 71ms
 GET /api/clusters 200 in 73ms
 GET /api/projects 200 in 58ms
 GET /api/clusters 200 in 69ms
 GET /api/organizations 200 in 71ms
 GET /api/projects 200 in 42ms
 GET /api/auth/session 200 in 819ms
 GET /api/organizations 200 in 65ms
 GET /api/clusters 200 in 66ms
 GET /api/auth/session 200 in 44ms
 GET /api/auth/session 200 in 32ms
 GET /api/auth/session 200 in 31ms
 GET /api/auth/session 200 in 31ms
 ○ Compiling /clusters/[id] ...
 ✓ Compiled /clusters/[id] in 1131ms (1789 modules)
 GET /projects 200 in 1305ms
 GET /clusters/new 200 in 1299ms
 GET /clusters 200 in 1298ms
 GET /clusters/main-cluster 200 in 1613ms
 GET /api/projects 200 in 48ms
 GET /api/auth/session 200 in 75ms
 GET /api/clusters 200 in 83ms
 GET /api/projects 200 in 58ms
 GET /api/auth/session 200 in 68ms
 GET /api/clusters 200 in 60ms
 GET /api/projects 200 in 63ms
 GET /api/auth/session 200 in 39ms
 GET /api/projects 200 in 36ms
 GET /api/auth/session 200 in 37ms
 GET /api/auth/session 200 in 30ms
 GET /api/auth/session 200 in 42ms
 ✓ Compiled /api/clusters/[id] in 271ms (1043 modules)
 GET /api/auth/session 200 in 586ms
 GET /api/auth/session 200 in 30ms
 GET /api/auth/session 200 in 30ms
 GET /api/auth/session 200 in 32ms
 GET /api/auth/session 200 in 28ms
 GET /api/auth/session 200 in 29ms
 GET /api/clusters/main-cluster 200 in 899ms
 GET /api/auth/session 200 in 44ms
 GET /api/clusters/main-cluster 200 in 44ms
 ○ Compiling /clusters/[id]/routing ...
 ✓ Compiled /clusters/[id]/routing in 1493ms (1887 modules)
 GET /clusters/main-cluster/backups 200 in 2033ms
 GET /clusters/main-cluster/routing 200 in 2029ms
 GET /clusters/main-cluster/failover 200 in 2030ms
 GET /clusters/main-cluster/pools 200 in 2040ms
 GET /clusters/main-cluster/alerts 200 in 2032ms
 ○ Compiling /api/alerts ...
 ✓ Compiled /api/alerts in 1666ms (1098 modules)
 ✓ Compiled (1106 modules)
 GET /api/auth/session 200 in 2167ms
 GET /api/failover?clusterId=main-cluster 200 in 2223ms
 GET /api/clusters/main-cluster 200 in 2220ms
 GET /api/routing?clusterId=main-cluster 200 in 2265ms
 GET /api/backups?clusterId=main-cluster 200 in 2240ms
 GET /api/alerts?clusterId=main-cluster 200 in 2144ms
 GET /api/connection-pools?clusterId=main-cluster 200 in 2215ms
 GET /api/auth/session 200 in 93ms
 GET /api/failover?clusterId=main-cluster 200 in 135ms
 GET /api/clusters/main-cluster 200 in 131ms
 GET /api/routing?clusterId=main-cluster 200 in 147ms
 GET /api/backups?clusterId=main-cluster 200 in 136ms
 GET /api/connection-pools?clusterId=main-cluster 200 in 131ms
 GET /api/alerts?clusterId=main-cluster 200 in 148ms
 GET /api/auth/session 200 in 98ms
 GET /api/clusters/main-cluster 200 in 63ms
 GET /api/auth/session 200 in 41ms
 GET /api/clusters/main-cluster 200 in 54ms
 GET /api/auth/session 200 in 33ms
 GET /api/clusters/main-cluster 200 in 34ms
 GET /api/auth/session 200 in 31ms
 GET /api/clusters/main-cluster 200 in 33ms
 GET /api/auth/session 200 in 34ms
 GET /api/clusters/main-cluster 200 in 33ms
 GET /api/auth/session 200 in 47ms
 GET /api/clusters/main-cluster 200 in 49ms
 GET /api/auth/session 200 in 27ms
 GET /api/auth/session 200 in 27ms
 GET /api/auth/session 200 in 30ms
 GET /api/auth/session 200 in 31ms
 GET /api/failover?clusterId=main-cluster 200 in 38ms
 GET /api/auth/session 200 in 34ms
 GET /api/auth/session 200 in 42ms
 GET /api/auth/session 200 in 30ms
 GET /api/auth/session 200 in 26ms
 GET /api/auth/session 200 in 28ms
 GET /api/auth/session 200 in 27ms
 GET /api/connection-pools?clusterId=main-cluster 200 in 28ms
[?25h
