  ▲ Next.js 14.2.28
  - Environments: .env
  - Experiments (use with caution):
    · outputFileTracingRoot

   Creating an optimized production build ...
 ✓ Compiled successfully
   Skipping linting
   Checking validity of types ...
   Collecting page data ...
   Generating static pages (0/9) ...
   Generating static pages (2/9) 
   Generating static pages (4/9) 
   Generating static pages (6/9) 
 ✓ Generating static pages (9/9)
   Finalizing page optimization ...
   Collecting build traces ...

Route (app)                              Size     First Load JS
┌ ƒ /                                    142 B          87.4 kB
├ ƒ /_not-found                          872 B          88.1 kB
├ ƒ /api/audit-logs                      0 B                0 B
├ ƒ /api/auth/[...nextauth]              0 B                0 B
├ ƒ /api/auth/login                      0 B                0 B
├ ƒ /api/clusters                        0 B                0 B
├ ƒ /api/clusters/[id]                   0 B                0 B
├ ƒ /api/nodes                           0 B                0 B
├ ƒ /api/nodes/[id]                      0 B                0 B
├ ƒ /api/organizations                   0 B                0 B
├ ƒ /api/organizations/[id]              0 B                0 B
├ ƒ /api/projects                        0 B                0 B
├ ƒ /api/projects/[id]                   0 B                0 B
├ ƒ /api/signup                          0 B                0 B
├ ƒ /clusters                            3.25 kB         139 kB
├ ƒ /clusters/[id]                       3.74 kB         140 kB
├ ƒ /clusters/new                        3.11 kB         106 kB
├ ƒ /dashboard                           3.08 kB         149 kB
├ ƒ /login                               2.29 kB         115 kB
└ ƒ /register                            2.49 kB         115 kB
+ First Load JS shared by all            87.2 kB
  ├ chunks/156-4bdd980c6bd97a35.js       31.7 kB
  ├ chunks/ceb5afef-a8b819885de2c9e6.js  53.6 kB
  └ other shared chunks (total)          1.95 kB


ƒ  (Dynamic)  server-rendered on demand

exit_code=0
