  ▲ Next.js 14.2.28
  - Local:        http://localhost:3000
  - Environments: .env
  - Experiments (use with caution):
    · outputFileTracingRoot

 ✓ Starting...
 ✓ Ready in 1469ms
 ○ Compiling / ...
 ✓ Compiled / in 1692ms (784 modules)
 GET / 200 in 2105ms
 ✓ Compiled in 403ms (279 modules)
 GET / 200 in 41ms
 ○ Compiling /api/auth/[...nextauth] ...
 ✓ Compiled /api/auth/[...nextauth] in 1347ms (1642 modules)
 GET /dashboard?_rsc=iqngu 200 in 42ms
 GET /api/auth/session 200 in 1756ms
 GET /api/auth/session 200 in 41ms
 ✓ Compiled /api/projects in 185ms (972 modules)
 ✓ Compiled (976 modules)
 GET /api/projects 200 in 547ms
 GET /api/organizations 200 in 560ms
 GET /api/clusters 200 in 558ms
 GET /api/organizations 200 in 50ms
 GET /api/projects 200 in 56ms
 GET /api/clusters 200 in 57ms
 GET / 200 in 70ms
 GET / 200 in 34ms
 GET / 200 in 34ms
 GET / 200 in 32ms
 GET / 200 in 34ms
 GET / 200 in 35ms
 GET / 200 in 41ms
 GET / 200 in 31ms
 GET / 200 in 371ms
 GET / 200 in 32ms
 GET / 200 in 31ms
 GET / 200 in 41ms
 GET /api/auth/session 200 in 45ms
 GET / 200 in 32ms
 GET / 200 in 30ms
 GET / 200 in 30ms
 ○ Compiling /ai/insights ...
 ✓ Compiled /ai/insights in 601ms (1663 modules)
 ✓ Compiled /api/clusters in 154ms (978 modules)
 GET /api/clusters 200 in 255ms
 GET /api/clusters 200 in 24ms
 ✓ Compiled /api/ai/forecasts in 134ms (980 modules)
 ✓ Compiled (982 modules)
 GET /api/ai/forecasts?clusterId=main-cluster 200 in 340ms
 GET /api/ai/anomalies?clusterId=main-cluster 200 in 352ms
 GET / 200 in 73ms
 ✓ Compiled /api/metrics in 201ms (984 modules)
 GET /api/metrics?clusterId=main-cluster 200 in 270ms
 POST /api/ai/forecasts 200 in 36ms
 GET /api/ai/forecasts?clusterId=main-cluster 200 in 36ms
 GET /api/ai/anomalies?clusterId=main-cluster 200 in 40ms
 GET / 200 in 45ms
 GET / 200 in 38ms
 GET / 200 in 38ms
 GET / 200 in 35ms
 GET / 200 in 35ms
 GET / 200 in 33ms
 GET / 200 in 30ms
 GET / 200 in 36ms
 ✓ Compiled in 597ms (1232 modules)
 ✓ Compiled in 295ms (727 modules)
 ✓ Compiled in 376ms (727 modules)
 ✓ Compiled in 257ms (727 modules)
 ✓ Compiled in 313ms (727 modules)
 ✓ Compiled in 382ms (729 modules)
[?25h
