app/api/admin/users/route.ts(4,8): error TS2613: Module '"/home/ubuntu/pg_cluster_control_plane/nextjs_space/lib/db"' has no default export. Did you mean to use 'import { prisma } from "/home/ubuntu/pg_cluster_control_plane/nextjs_space/lib/db"' instead?
app/api/admin/users/route.ts(167,7): error TS2345: Argument of type '{ userId: any; action: string; resourceType: string; resourceId: any; details: { email: any; role: any; }; }' is not assignable to parameter of type '{ userId?: string | null | undefined; entityType: string; entityId: string; action: string; beforeState?: object | null | undefined; afterState?: object | null | undefined; }'.
  Object literal may only specify known properties, and 'resourceType' does not exist in type '{ userId?: string | null | undefined; entityType: string; entityId: string; action: string; beforeState?: object | null | undefined; afterState?: object | null | undefined; }'.
app/api/admin/users/route.ts(221,9): error TS2345: Argument of type '{ userId: any; action: string; resourceType: string; resourceId: any; details: { email: any; }; }' is not assignable to parameter of type '{ userId?: string | null | undefined; entityType: string; entityId: string; action: string; beforeState?: object | null | undefined; afterState?: object | null | undefined; }'.
  Object literal may only specify known properties, and 'resourceType' does not exist in type '{ userId?: string | null | undefined; entityType: string; entityId: string; action: string; beforeState?: object | null | undefined; afterState?: object | null | undefined; }'.
app/api/admin/users/route.ts(241,9): error TS2345: Argument of type '{ userId: any; action: string; resourceType: string; resourceId: any; details: { email: any; }; }' is not assignable to parameter of type '{ userId?: string | null | undefined; entityType: string; entityId: string; action: string; beforeState?: object | null | undefined; afterState?: object | null | undefined; }'.
  Object literal may only specify known properties, and 'resourceType' does not exist in type '{ userId?: string | null | undefined; entityType: string; entityId: string; action: string; beforeState?: object | null | undefined; afterState?: object | null | undefined; }'.
app/api/admin/users/route.ts(258,9): error TS2345: Argument of type '{ userId: any; action: string; resourceType: string; resourceId: any; details: { email: any; }; }' is not assignable to parameter of type '{ userId?: string | null | undefined; entityType: string; entityId: string; action: string; beforeState?: object | null | undefined; afterState?: object | null | undefined; }'.
  Object literal may only specify known properties, and 'resourceType' does not exist in type '{ userId?: string | null | undefined; entityType: string; entityId: string; action: string; beforeState?: object | null | undefined; afterState?: object | null | undefined; }'.
app/api/admin/users/route.ts(288,9): error TS2345: Argument of type '{ userId: any; action: string; resourceType: string; resourceId: any; details: { email: any; resetBy: any; }; }' is not assignable to parameter of type '{ userId?: string | null | undefined; entityType: string; entityId: string; action: string; beforeState?: object | null | undefined; afterState?: object | null | undefined; }'.
  Object literal may only specify known properties, and 'resourceType' does not exist in type '{ userId?: string | null | undefined; entityType: string; entityId: string; action: string; beforeState?: object | null | undefined; afterState?: object | null | undefined; }'.
app/api/admin/users/route.ts(302,9): error TS2345: Argument of type '{ userId: any; action: string; resourceType: string; resourceId: any; details: { email: any; }; }' is not assignable to parameter of type '{ userId?: string | null | undefined; entityType: string; entityId: string; action: string; beforeState?: object | null | undefined; afterState?: object | null | undefined; }'.
  Object literal may only specify known properties, and 'resourceType' does not exist in type '{ userId?: string | null | undefined; entityType: string; entityId: string; action: string; beforeState?: object | null | undefined; afterState?: object | null | undefined; }'.
app/api/admin/users/route.ts(324,9): error TS2345: Argument of type '{ userId: any; action: string; resourceType: string; resourceId: any; details: { email: any; disabledBy: any; }; }' is not assignable to parameter of type '{ userId?: string | null | undefined; entityType: string; entityId: string; action: string; beforeState?: object | null | undefined; afterState?: object | null | undefined; }'.
  Object literal may only specify known properties, and 'resourceType' does not exist in type '{ userId?: string | null | undefined; entityType: string; entityId: string; action: string; beforeState?: object | null | undefined; afterState?: object | null | undefined; }'.
app/api/admin/users/route.ts(363,7): error TS2345: Argument of type '{ userId: any; action: string; resourceType: string; resourceId: any; details: { email: any; changes: Record<string, unknown>; }; }' is not assignable to parameter of type '{ userId?: string | null | undefined; entityType: string; entityId: string; action: string; beforeState?: object | null | undefined; afterState?: object | null | undefined; }'.
  Object literal may only specify known properties, and 'resourceType' does not exist in type '{ userId?: string | null | undefined; entityType: string; entityId: string; action: string; beforeState?: object | null | undefined; afterState?: object | null | undefined; }'.
app/api/admin/users/route.ts(418,7): error TS2345: Argument of type '{ userId: any; action: string; resourceType: string; resourceId: string; details: { email: any; deletedBy: any; }; }' is not assignable to parameter of type '{ userId?: string | null | undefined; entityType: string; entityId: string; action: string; beforeState?: object | null | undefined; afterState?: object | null | undefined; }'.
  Object literal may only specify known properties, and 'resourceType' does not exist in type '{ userId?: string | null | undefined; entityType: string; entityId: string; action: string; beforeState?: object | null | undefined; afterState?: object | null | undefined; }'.
app/api/auth/mfa/route.ts(4,8): error TS2613: Module '"/home/ubuntu/pg_cluster_control_plane/nextjs_space/lib/db"' has no default export. Did you mean to use 'import { prisma } from "/home/ubuntu/pg_cluster_control_plane/nextjs_space/lib/db"' instead?
app/api/auth/mfa/route.ts(197,9): error TS2345: Argument of type '{ userId: any; action: string; resourceType: string; resourceId: any; details: { email: any; }; }' is not assignable to parameter of type '{ userId?: string | null | undefined; entityType: string; entityId: string; action: string; beforeState?: object | null | undefined; afterState?: object | null | undefined; }'.
  Object literal may only specify known properties, and 'resourceType' does not exist in type '{ userId?: string | null | undefined; entityType: string; entityId: string; action: string; beforeState?: object | null | undefined; afterState?: object | null | undefined; }'.
app/api/auth/mfa/route.ts(237,13): error TS2345: Argument of type '{ userId: any; action: string; resourceType: string; resourceId: any; details: { email: any; remainingCodes: number; }; }' is not assignable to parameter of type '{ userId?: string | null | undefined; entityType: string; entityId: string; action: string; beforeState?: object | null | undefined; afterState?: object | null | undefined; }'.
  Object literal may only specify known properties, and 'resourceType' does not exist in type '{ userId?: string | null | undefined; entityType: string; entityId: string; action: string; beforeState?: object | null | undefined; afterState?: object | null | undefined; }'.
app/api/auth/mfa/route.ts(264,9): error TS2345: Argument of type '{ userId: any; action: string; resourceType: string; resourceId: any; details: { email: any; }; }' is not assignable to parameter of type '{ userId?: string | null | undefined; entityType: string; entityId: string; action: string; beforeState?: object | null | undefined; afterState?: object | null | undefined; }'.
  Object literal may only specify known properties, and 'resourceType' does not exist in type '{ userId?: string | null | undefined; entityType: string; entityId: string; action: string; beforeState?: object | null | undefined; afterState?: object | null | undefined; }'.
app/api/auth/mfa/route.ts(318,7): error TS2345: Argument of type '{ userId: any; action: string; resourceType: string; resourceId: any; details: { email: any; }; }' is not assignable to parameter of type '{ userId?: string | null | undefined; entityType: string; entityId: string; action: string; beforeState?: object | null | undefined; afterState?: object | null | undefined; }'.
  Object literal may only specify known properties, and 'resourceType' does not exist in type '{ userId?: string | null | undefined; entityType: string; entityId: string; action: string; beforeState?: object | null | undefined; afterState?: object | null | undefined; }'.
lib/auth-options.ts(112,13): error TS2322: Type '{ failedAttempts: number; status?: string | undefined; lockedUntil?: Date | undefined; }' is not assignable to type '(Without<UserUpdateInput, UserUncheckedUpdateInput> & UserUncheckedUpdateInput) | (Without<...> & UserUpdateInput)'.
  Type '{ failedAttempts: number; status?: string | undefined; lockedUntil?: Date | undefined; }' is not assignable to type 'Without<UserUncheckedUpdateInput, UserUpdateInput> & UserUpdateInput'.
    Type '{ failedAttempts: number; status?: string | undefined; lockedUntil?: Date | undefined; }' is not assignable to type 'UserUpdateInput'.
      Types of property 'status' are incompatible.
        Type 'string | undefined' is not assignable to type 'UserStatus | EnumUserStatusFieldUpdateOperationsInput | undefined'.
          Type 'string' is not assignable to type 'UserStatus | EnumUserStatusFieldUpdateOperationsInput | undefined'.
exit_code=2
