  ▲ Next.js 14.2.28
  - Local:        http://localhost:3000
  - Environments: .env
  - Experiments (use with caution):
    · outputFileTracingRoot

 ✓ Starting...
 ✓ Ready in 1757ms
 ○ Compiling / ...
 ✓ Compiled / in 2.6s (791 modules)
 GET / 200 in 2961ms
 ✓ Compiled in 434ms (279 modules)
 ✓ Compiled /api/auth/[...nextauth] in 208ms (509 modules)
 GET /api/auth/providers 200 in 630ms
 GET / 200 in 83ms
 ○ Compiling /login ...
 ✓ Compiled /login in 665ms (867 modules)
 GET /api/auth/session 200 in 766ms
 GET /api/auth/session 200 in 48ms
 ✓ Compiled /register in 278ms (877 modules)
 GET /register 200 in 365ms
 GET /api/auth/session 200 in 51ms
 GET /api/auth/session 200 in 31ms
 GET /login 200 in 48ms
 GET /api/auth/session 200 in 39ms
 GET /api/auth/session 200 in 28ms
 GET /api/auth/csrf 200 in 37ms
 ✓ Compiled /api/signup in 298ms (588 modules)
 POST /api/signup 200 in 548ms
 GET / 200 in 66ms
 GET /api/auth/signin 302 in 51ms
 GET /login?callbackUrl=https://14d6609f27.preview.abacusai.app 200 in 67ms
 GET /api/auth/csrf 200 in 38ms
 POST /api/auth/callback/credentials 302 in 111ms
 ○ Compiling /dashboard ...
 ✓ Compiled /dashboard in 1705ms (1697 modules)
 GET /dashboard 200 in 1843ms
 GET / 200 in 62ms
 GET /dashboard 200 in 67ms
 GET /api/auth/session 200 in 85ms
 GET /api/auth/session 200 in 59ms
 ✓ Compiled /api/clusters in 286ms (991 modules)
 ✓ Compiled (995 modules)
 GET /dashboard?_rsc=iqngu 200 in 580ms
 GET /api/organizations 200 in 611ms
 GET /api/auth/session 200 in 561ms
 GET /api/projects 200 in 642ms
 GET /api/clusters 200 in 659ms
 GET /api/organizations 200 in 110ms
 GET /api/projects 200 in 109ms
 GET /api/auth/session 200 in 114ms
 GET /api/clusters 200 in 125ms
 GET /api/organizations 200 in 54ms
 GET /api/projects 200 in 53ms
 GET /api/clusters 200 in 62ms
 GET /api/organizations 200 in 73ms
 GET /api/projects 200 in 77ms
 GET /api/clusters 200 in 61ms
 ○ Compiling /clusters/new ...
 ✓ Compiled /clusters/new in 1258ms (1839 modules)
 GET /admin/users 200 in 1452ms
 GET /projects 200 in 1455ms
 GET /clusters/new 200 in 1454ms
 GET /clusters 200 in 1457ms
 GET /clusters/main-cluster 200 in 1902ms
 ✓ Compiled /api/admin/users in 316ms (1069 modules)
 GET /api/clusters 200 in 639ms
 GET /api/projects 200 in 668ms
 GET /api/auth/session 200 in 695ms
 GET /api/admin/users 200 in 710ms
 GET /api/clusters 200 in 82ms
 GET /api/projects 200 in 76ms
 GET /api/admin/users 200 in 93ms
 ✓ Compiled /api/clusters/[id] in 289ms (1071 modules)
 GET /api/auth/session 200 in 644ms
 GET /api/projects 200 in 606ms
 GET /api/auth/session 200 in 43ms
 GET /api/projects 200 in 48ms
 GET /api/auth/session 200 in 33ms
 GET /api/auth/session 200 in 36ms
 GET /api/auth/session 200 in 34ms
 GET /api/auth/session 200 in 50ms
 GET /api/clusters/main-cluster 200 in 971ms
 GET /api/auth/session 200 in 49ms
 GET /api/clusters/main-cluster 200 in 71ms
 GET /api/auth/session 200 in 33ms
 GET /api/auth/session 200 in 30ms
 GET /api/auth/session 200 in 32ms
 GET /api/auth/session 200 in 46ms
 GET /api/auth/session 200 in 33ms
 GET /api/auth/session 200 in 30ms
 GET /api/auth/session 200 in 29ms
 GET /api/auth/session 200 in 31ms
 GET /api/auth/session 200 in 28ms
 GET /api/auth/session 200 in 43ms
 GET /api/auth/session 200 in 28ms
 GET /api/auth/session 200 in 27ms
 GET /api/auth/session 200 in 28ms
 GET /api/auth/session 200 in 28ms
 ○ Compiling /clusters/[id]/routing ...
 ✓ Compiled /clusters/[id]/routing in 1922ms (1979 modules)
 GET /clusters/main-cluster/backups 200 in 2723ms
 GET /clusters/main-cluster/pools 200 in 2737ms
 GET /clusters/main-cluster/incidents 200 in 2733ms
 GET /clusters/main-cluster/alerts 200 in 2745ms
 GET /clusters/main-cluster/routing 200 in 2754ms
 GET /clusters/main-cluster/endpoints 200 in 2812ms
 GET /clusters/main-cluster/queries 200 in 2810ms
 GET /clusters/main-cluster/replication 200 in 2822ms
 GET /clusters/main-cluster/failover 200 in 2848ms
 ○ Compiling /api/queries ...
 ✓ Compiled /api/queries in 3.4s (1150 modules)
 GET /api/auth/session 200 in 3488ms
 GET /api/clusters/main-cluster 200 in 3488ms
 ✓ Compiled (1166 modules)
 GET /api/auth/session 200 in 470ms
 GET /api/routing?clusterId=main-cluster 200 in 4276ms
 GET /api/auth/session 200 in 53ms
 GET /api/routing?clusterId=main-cluster 200 in 49ms
[?25h
