  ▲ Next.js 14.2.28
  - Local:        http://localhost:3000
  - Environments: .env
  - Experiments (use with caution):
    · outputFileTracingRoot

 ✓ Starting...
 ✓ Ready in 1747ms
 ○ Compiling / ...
 ✓ Compiled / in 2.7s (784 modules)
 GET / 200 in 3138ms
 ✓ Compiled in 452ms (279 modules)
 GET / 200 in 62ms
 ○ Compiling /api/auth/[...nextauth] ...
 ✓ Compiled /api/auth/[...nextauth] in 2.1s (1644 modules)
 GET /dashboard?_rsc=iqngu 200 in 39ms
 GET /api/auth/session 200 in 2544ms
 GET /api/auth/session 200 in 47ms
 ✓ Compiled /api/organizations in 279ms (973 modules)
 ✓ Compiled (977 modules)
 GET /api/clusters 200 in 718ms
 GET /api/organizations 200 in 724ms
 GET /api/projects 200 in 734ms
 GET /api/clusters 200 in 107ms
 GET /api/projects 200 in 114ms
 GET /api/organizations 200 in 115ms
 GET / 200 in 81ms
 GET / 200 in 40ms
 GET / 200 in 38ms
 GET / 200 in 40ms
 GET / 200 in 38ms
 GET / 200 in 37ms
 GET / 200 in 39ms
 GET / 200 in 41ms
 GET /api/auth/session 200 in 56ms
 GET / 200 in 37ms
 ○ Compiling /admin/users ...
 ✓ Compiled /admin/users in 824ms (1716 modules)
 ✓ Compiled /api/admin/users in 300ms (1009 modules)
 GET /api/admin/users 200 in 415ms
 GET /api/admin/users 200 in 32ms
 GET / 200 in 72ms
 ✓ Compiled /api/clusters in 170ms (1012 modules)
 GET /api/clusters 200 in 224ms
 ✓ Compiled /api/projects in 200ms (1014 modules)
 ✓ Compiled (1016 modules)
 GET /api/clusters 200 in 436ms
 GET /api/organizations 200 in 585ms
 GET /api/projects 200 in 577ms
 GET /api/projects 200 in 38ms
 GET /api/organizations 200 in 37ms
 ○ Compiling /clusters/[id] ...
 ✓ Compiled /clusters/[id] in 539ms (1788 modules)
 ✓ Compiled /api/clusters/[id] in 179ms (1037 modules)
 GET /api/clusters/main-cluster 200 in 522ms
 GET /api/clusters/main-cluster 200 in 45ms
 GET / 200 in 54ms
 GET / 200 in 38ms
 GET / 200 in 39ms
 ✓ Compiled in 428ms (765 modules)
 ✓ Compiled in 495ms (753 modules)
 ✓ Compiled in 269ms (765 modules)
 ✓ Compiled in 477ms (765 modules)
 ✓ Compiled in 506ms (765 modules)
 ✓ Compiled in 343ms (766 modules)
 ✓ Compiled in 334ms (766 modules)
 ✓ Compiled in 269ms (766 modules)
 ✓ Compiled in 253ms (766 modules)
 ✓ Compiled in 279ms (766 modules)
[?25h
