  ▲ Next.js 14.2.28
  - Environments: .env
  - Experiments (use with caution):
    · outputFileTracingRoot

   Creating an optimized production build ...
 ✓ Compiled successfully
   Skipping linting
   Checking validity of types ...
   Collecting page data ...
   Generating static pages (0/10) ...
   Generating static pages (2/10) 
   Generating static pages (4/10) 
   Generating static pages (7/10) 
 ✓ Generating static pages (10/10)
   Finalizing page optimization ...
   Collecting build traces ...

Route (app)                              Size     First Load JS
┌ ƒ /                                    142 B          87.4 kB
├ ƒ /_not-found                          872 B          88.1 kB
├ ƒ /api/audit-logs                      0 B                0 B
├ ƒ /api/auth/[...nextauth]              0 B                0 B
├ ƒ /api/auth/login                      0 B                0 B
├ ƒ /api/clusters                        0 B                0 B
├ ƒ /api/clusters/[id]                   0 B                0 B
├ ƒ /api/nodes                           0 B                0 B
├ ƒ /api/nodes/[id]                      0 B                0 B
├ ƒ /api/organizations                   0 B                0 B
├ ƒ /api/organizations/[id]              0 B                0 B
├ ƒ /api/projects                        0 B                0 B
├ ƒ /api/projects/[id]                   0 B                0 B
├ ƒ /api/signup                          0 B                0 B
├ ƒ /clusters                            5.47 kB         169 kB
├ ƒ /clusters/[id]                       6.86 kB         170 kB
├ ƒ /clusters/new                        3.72 kB         131 kB
├ ƒ /dashboard                           3.51 kB         149 kB
├ ƒ /login                               2.29 kB         116 kB
├ ƒ /projects                            4.69 kB         159 kB
└ ƒ /register                            2.49 kB         116 kB
+ First Load JS shared by all            87.2 kB
  ├ chunks/156-a6f084bb85ca8a76.js       31.7 kB
  ├ chunks/ceb5afef-c23a865020122051.js  53.6 kB
  └ other shared chunks (total)          1.96 kB


ƒ  (Dynamic)  server-rendered on demand

exit_code=0
