  ▲ Next.js 14.2.28
  - Local:        http://localhost:3000
  - Environments: .env
  - Experiments (use with caution):
    · outputFileTracingRoot

 ✓ Starting...
 ✓ Ready in 2.3s
 ○ Compiling / ...
 ✓ Compiled / in 2.7s (791 modules)
 GET / 200 in 3124ms
 ✓ Compiled in 429ms (279 modules)
 GET / 200 in 55ms
 ○ Compiling /api/auth/[...nextauth] ...
 ✓ Compiled /api/auth/[...nextauth] in 2.1s (1644 modules)
 GET /dashboard?_rsc=iqngu 200 in 37ms
 GET /api/auth/session 200 in 2486ms
 GET /api/auth/session 200 in 39ms
 ✓ Compiled /api/projects in 194ms (973 modules)
 ✓ Compiled (977 modules)
 GET /api/projects 200 in 550ms
 GET /api/organizations 200 in 561ms
 GET /api/clusters 200 in 562ms
 GET /api/projects 200 in 53ms
 GET /api/organizations 200 in 53ms
 GET /api/clusters 200 in 55ms
 GET / 200 in 75ms
 GET / 200 in 37ms
 GET / 200 in 47ms
 GET / 200 in 38ms
 GET / 200 in 45ms
 GET / 200 in 41ms
 GET /api/auth/session 200 in 53ms
 ○ Compiling /clusters ...
 ✓ Compiled /clusters in 790ms (1679 modules)
 ✓ Compiled /api/clusters in 156ms (988 modules)
 GET /api/clusters 200 in 264ms
 GET /api/clusters 200 in 36ms
 GET / 200 in 76ms
 ○ Compiling /clusters/[id] ...
 ✓ Compiled /clusters/[id] in 607ms (1749 modules)
 ✓ Compiled /api/clusters/[id] in 177ms (1012 modules)
 GET /api/clusters/main-cluster 200 in 526ms
 GET /api/clusters/main-cluster 200 in 46ms
 GET / 200 in 52ms
 ○ Compiling /clusters/[id]/endpoints ...
 ✓ Compiled /clusters/[id]/endpoints in 556ms (1773 modules)
 ✓ Compiled /api/connection-endpoints in 171ms (1021 modules)
 GET /api/connection-endpoints?clusterId=main-cluster 200 in 235ms
 GET /api/connection-endpoints?clusterId=main-cluster 200 in 37ms
 GET / 200 in 53ms
 GET / 200 in 45ms
 POST /api/connection-endpoints 200 in 40ms
 GET /api/connection-endpoints?clusterId=main-cluster 200 in 33ms
 GET / 200 in 61ms
 GET / 200 in 49ms
 GET / 200 in 43ms
 ✓ Compiled in 648ms (1271 modules)
 ✓ Compiled in 302ms (766 modules)
 ✓ Compiled in 271ms (766 modules)
 ✓ Compiled in 277ms (766 modules)
[?25h
