  ▲ Next.js 14.2.28
  - Local:        http://localhost:3000
  - Environments: .env
  - Experiments (use with caution):
    · outputFileTracingRoot

 ✓ Starting...
Attention: Next.js now collects completely anonymous telemetry regarding usage.
This information is used to shape Next.js' roadmap and prioritize features.
You can learn more, including how to opt-out if you'd not like to participate in this anonymous program, by visiting the following URL:
https://nextjs.org/telemetry

 ✓ Ready in 1303ms
 ○ Compiling / ...
 ✓ Compiled / in 2.6s (791 modules)
 GET / 200 in 2924ms
 ✓ Compiled in 397ms (279 modules)
 ✓ Compiled in 272ms (772 modules)
 ✓ Compiled /api/auth/[...nextauth] in 123ms (509 modules)
 GET /api/auth/providers 200 in 498ms
 GET / 200 in 59ms
 ○ Compiling /login ...
 ✓ Compiled /login in 531ms (861 modules)
 GET /api/auth/session 200 in 619ms
 GET /api/auth/session 200 in 17ms
 ✓ Compiled /register in 257ms (871 modules)
 GET /register 200 in 340ms
 GET /api/auth/session 200 in 41ms
 GET /api/auth/session 200 in 22ms
 GET /login 200 in 48ms
 GET /api/auth/session 200 in 35ms
 GET /api/auth/session 200 in 22ms
 GET /api/auth/csrf 200 in 34ms
 ✓ Compiled /api/signup in 340ms (585 modules)
 POST /api/signup 200 in 585ms
 GET / 200 in 58ms
 GET /api/auth/signin 302 in 40ms
 GET /login?callbackUrl=https://120f52ae02.preview.abacusai.app 200 in 39ms
 GET /api/auth/csrf 200 in 19ms
 POST /api/auth/callback/credentials 302 in 97ms
 ○ Compiling /dashboard ...
 ✓ Compiled /dashboard in 1212ms (1533 modules)
 GET /dashboard 200 in 1310ms
 GET / 200 in 33ms
 GET /dashboard 200 in 42ms
 GET /api/auth/session 200 in 63ms
 GET /api/auth/session 200 in 31ms
 GET /dashboard?_rsc=iqngu 200 in 51ms
 ✓ Compiled /api/projects in 212ms (909 modules)
 ✓ Compiled (913 modules)
 GET /api/projects 200 in 512ms
 GET /api/auth/session 200 in 469ms
 GET /api/organizations 200 in 516ms
 GET /api/clusters 200 in 517ms
 GET /api/projects 200 in 40ms
 GET /api/organizations 200 in 45ms
 GET /api/clusters 200 in 43ms
 GET /api/auth/session 200 in 47ms
 GET /api/projects 200 in 25ms
 GET /api/organizations 200 in 32ms
 GET /api/clusters 200 in 33ms
 GET /api/projects 200 in 25ms
 GET /api/organizations 200 in 30ms
 GET /api/clusters 200 in 32ms
 ○ Compiling /clusters/[id] ...
 ✓ Compiled /clusters/[id] in 855ms (1589 modules)
 GET /clusters/new 200 in 969ms
 GET /clusters 200 in 975ms
 GET /api/clusters 200 in 39ms
 GET /api/auth/session 200 in 64ms
 GET /clusters/main-cluster 200 in 1292ms
 GET /api/projects 200 in 51ms
 GET /api/clusters 200 in 70ms
 GET /api/auth/session 200 in 56ms
 GET /api/projects 200 in 35ms
 GET /api/auth/session 200 in 22ms
 GET /api/auth/session 200 in 21ms
 GET /api/auth/session 200 in 22ms
 GET /api/auth/session 200 in 22ms
 ✓ Compiled /api/clusters/[id] in 229ms (942 modules)
 GET /api/auth/session 200 in 524ms
 GET /api/auth/session 200 in 21ms
 GET /api/clusters/main-cluster 200 in 827ms
 GET /api/clusters/main-cluster 200 in 42ms
 ✓ Compiled in 670ms (1601 modules)
 ✓ Compiled in 511ms (1601 modules)
[?25h
