➤ YN0000: · Yarn 4.12.0
➤ YN0000: ┌ Resolution step
➤ YN0085: │ - @azure/abort-controller@npm:2.1.2, @azure/core-auth@npm:1.10.1, @azure/core-client@npm:1.10.1, @azure/core-http-compat@npm:2.3.1, and 10 more.
➤ YN0000: └ Completed
➤ YN0000: ┌ Post-resolution validation
➤ YN0060: │ @typescript-eslint/parser is listed by your project with version 7.0.0 (p6cb6c0), which doesn't satisfy what @typescript-eslint/eslint-plugin requests (^6.0.0-alpha).
➤ YN0060: │ eslint is listed by your project with version 9.24.0 (pe6e000), which doesn't satisfy what @typescript-eslint/eslint-plugin and other dependencies request (^8.57.0).
➤ YN0002: │ app@workspace:. doesn't provide prettier (pd88b5f), requested by eslint-plugin-prettier.
➤ YN0086: │ Some peer dependencies are incorrectly met by your project; run yarn explain peer-requirements <hash> for details, where <hash> is the six-letter p-prefixed code.
➤ YN0086: │ Some peer dependencies are incorrectly met by dependencies; run yarn explain peer-requirements for details.
➤ YN0000: └ Completed
➤ YN0000: ┌ Fetch step
➤ YN0000: └ Completed in 0s 909ms
➤ YN0000: ┌ Link step
➤ YN0000: └ Completed in 0s 438ms
➤ YN0000: · Done with warnings in 1s 554ms
Environment variables loaded from .env
Prisma schema loaded from prisma/schema.prisma

✔ Generated Prisma Client (v6.7.0) to ./node_modules/.prisma/client in 208ms

Start by importing your Prisma Client (See: https://pris.ly/d/importing-client)

Tip: Curious about the SQL queries Prisma ORM generates? Optimize helps you enhance your visibility: https://pris.ly/tip-2-optimize

Starting server...
  ▲ Next.js 14.2.28
  - Local:        http://localhost:3000
  - Environments: .env
  - Experiments (use with caution):
    · outputFileTracingRoot

 ✓ Starting...
 ✓ Ready in 1894ms
 ○ Compiling / ...
 ✓ Compiled / in 3s (791 modules)
 HEAD / 200 in 3418ms
 ✓ Compiled in 427ms (279 modules)
 GET / 200 in 61ms
 ○ Compiling /api/auth/[...nextauth] ...
 ✓ Compiled /api/auth/[...nextauth] in 2.4s (1644 modules)
 GET /dashboard?_rsc=iqngu 200 in 39ms
 GET /api/auth/session 200 in 2844ms
 GET /api/auth/session 200 in 40ms
 ✓ Compiled /api/projects in 199ms (973 modules)
 ✓ Compiled (977 modules)
 GET /api/organizations 200 in 570ms
 GET /api/projects 200 in 577ms
 GET /api/clusters 200 in 584ms
 GET /api/organizations 200 in 52ms
 GET /api/clusters 200 in 52ms
 GET /api/projects 200 in 56ms
 GET / 200 in 85ms
 GET / 200 in 47ms
 GET / 200 in 56ms
 GET / 200 in 43ms
 GET / 200 in 47ms
 GET / 200 in 50ms
 GET / 200 in 47ms
 GET / 200 in 44ms
 GET / 200 in 47ms
 GET / 200 in 44ms
 GET / 200 in 43ms
 GET / 200 in 40ms
 GET / 200 in 35ms
 GET / 200 in 41ms
 GET / 200 in 52ms
 GET / 200 in 39ms
 GET / 200 in 39ms
 GET / 200 in 55ms
 GET / 200 in 41ms
 GET / 200 in 34ms
 GET / 200 in 40ms
 ○ Compiling /admin/users ...
 ✓ Compiled /admin/users in 909ms (1698 modules)
 ✓ Compiled /api/admin/users in 307ms (993 modules)
 GET /api/admin/users 200 in 428ms
 GET /api/admin/users 200 in 36ms
 GET / 200 in 72ms
 GET / 200 in 34ms
 GET / 200 in 42ms
 GET / 200 in 38ms
 GET / 200 in 40ms
 GET / 200 in 40ms
 GET / 200 in 39ms
 GET / 200 in 37ms
 GET / 200 in 37ms
 GET / 200 in 38ms
 GET / 200 in 44ms
 GET / 200 in 35ms
 ✓ Compiled in 451ms (746 modules)
 ✓ Compiled in 583ms (734 modules)
 ✓ Compiled in 740ms (746 modules)
 ✓ Compiled in 267ms (746 modules)
 ✓ Compiled in 549ms (734 modules)
 ✓ Compiled in 387ms (746 modules)
 ✓ Compiled in 316ms (747 modules)
 ✓ Compiled in 279ms (747 modules)
 ✓ Compiled in 269ms (747 modules)
[?25h
