  ▲ Next.js 14.2.28
  - Local:        http://localhost:3000
  - Environments: .env
  - Experiments (use with caution):
    · outputFileTracingRoot

 ✓ Starting...
 ✓ Ready in 1241ms
 ○ Compiling / ...
 ✓ Compiled / in 2.6s (791 modules)
 GET / 200 in 3010ms
 ✓ Compiled in 424ms (279 modules)
 ✓ Compiled /api/auth/[...nextauth] in 263ms (509 modules)
 GET /api/auth/providers 200 in 721ms
 GET / 200 in 81ms
 ○ Compiling /login ...
 ✓ Compiled /login in 876ms (861 modules)
 GET /api/auth/session 200 in 992ms
 GET /api/auth/session 200 in 79ms
 ✓ Compiled /register in 486ms (871 modules)
 GET /register 200 in 652ms
 GET /api/auth/session 200 in 64ms
 GET /api/auth/session 200 in 40ms
 GET /login 200 in 72ms
 GET /api/auth/session 200 in 47ms
 GET /api/auth/session 200 in 50ms
 GET /api/auth/csrf 200 in 49ms
 ✓ Compiled /api/signup in 406ms (585 modules)
 POST /api/signup 200 in 658ms
 GET / 200 in 79ms
 GET /api/auth/signin 302 in 86ms
 GET /login?callbackUrl=https://14d6609f27.preview.abacusai.app 200 in 54ms
 GET /api/auth/csrf 200 in 31ms
 POST /api/auth/callback/credentials 302 in 124ms
 ○ Compiling /dashboard ...
 ✓ Compiled /dashboard in 2.1s (1691 modules)
 GET /dashboard 200 in 2263ms
 GET / 200 in 47ms
 GET /dashboard 200 in 77ms
 GET /api/auth/session 200 in 89ms
 GET /api/auth/session 200 in 117ms
 GET /dashboard?_rsc=iqngu 200 in 161ms
 ✓ Compiled /api/projects in 408ms (988 modules)
 ✓ Compiled (992 modules)
 GET /api/organizations 200 in 933ms
 GET /api/auth/session 200 in 801ms
 GET /api/clusters 200 in 935ms
 GET /api/projects 200 in 973ms
 GET /api/organizations 200 in 163ms
 GET /api/auth/session 200 in 168ms
 GET /api/clusters 200 in 173ms
 GET /api/projects 200 in 170ms
 GET /api/organizations 200 in 132ms
 GET /api/clusters 200 in 158ms
 GET /api/auth/session 200 in 215ms
 GET /api/projects 200 in 217ms
 GET /api/organizations 200 in 214ms
 GET /api/clusters 200 in 184ms
 GET /api/auth/session 200 in 176ms
 GET /api/projects 200 in 169ms
 ○ Compiling /clusters/[id] ...
 ✓ Compiled /clusters/[id] in 1721ms (1785 modules)
 GET /projects 200 in 1938ms
 GET /clusters/new 200 in 1915ms
 GET /clusters/main-cluster 200 in 2304ms
 GET /api/projects 200 in 86ms
 GET /api/auth/session 200 in 100ms
 GET /api/projects 200 in 99ms
 GET /api/auth/session 200 in 128ms
 GET /api/projects 200 in 87ms
 GET /api/auth/session 200 in 115ms
 GET /api/projects 200 in 137ms
 GET /api/auth/session 200 in 102ms
 ○ Compiling /api/clusters/[id] ...
 ✓ Compiled /api/clusters/[id] in 4.6s (1040 modules)
 GET /api/auth/session 200 in 4897ms
[?25h
