  ▲ Next.js 14.2.28
  - Local:        http://localhost:3000
  - Environments: .env
  - Experiments (use with caution):
    · outputFileTracingRoot

 ✓ Starting...
 ✓ Ready in 1991ms
 ○ Compiling / ...
 ✓ Compiled / in 2.7s (791 modules)
 GET / 200 in 3063ms
 ✓ Compiled in 412ms (279 modules)
 GET / 200 in 52ms
 GET / 200 in 39ms
 GET / 200 in 42ms
 ○ Compiling /api/auth/[...nextauth] ...
 ✓ Compiled /api/auth/[...nextauth] in 1970ms (1642 modules)
 GET /dashboard?_rsc=iqngu 200 in 36ms
 GET /api/auth/session 200 in 2384ms
 GET /api/auth/session 200 in 35ms
 ✓ Compiled /api/projects in 191ms (972 modules)
 ✓ Compiled (976 modules)
 GET /api/clusters 200 in 548ms
 GET /api/projects 200 in 558ms
 GET /api/organizations 200 in 555ms
 GET /api/clusters 200 in 33ms
 GET /api/projects 200 in 33ms
 GET /api/organizations 200 in 24ms
 GET / 200 in 70ms
 ○ Compiling /clusters ...
 ✓ Compiled /clusters in 604ms (1716 modules)
 GET /api/clusters 200 in 27ms
 GET /api/clusters 200 in 25ms
 GET /api/organizations 200 in 25ms
 GET /api/organizations 200 in 23ms
 GET /api/projects 200 in 33ms
 GET /api/clusters 200 in 34ms
 GET /api/projects 200 in 24ms
 GET /api/clusters 200 in 29ms
 GET / 200 in 42ms
 ✓ Compiled in 609ms (718 modules)
 ✓ Compiled in 352ms (730 modules)
 ✓ Compiled in 274ms (730 modules)
 ✓ Compiled in 255ms (730 modules)
 ✓ Compiled in 278ms (730 modules)
 ✓ Compiled in 252ms (730 modules)
 ✓ Compiled in 247ms (730 modules)
 ✓ Compiled in 255ms (730 modules)
 ✓ Compiled in 247ms (730 modules)
 ✓ Compiled in 228ms (730 modules)
 ✓ Compiled in 315ms (730 modules)
 ✓ Compiled in 303ms (730 modules)
 ✓ Compiled in 249ms (730 modules)
 ✓ Compiled in 250ms (730 modules)
 ✓ Compiled in 229ms (730 modules)
 ✓ Compiled in 282ms (730 modules)
 ✓ Compiled in 257ms (730 modules)
[?25h
