➤ YN0000: · Yarn 4.12.0
➤ YN0000: ┌ Resolution step
➤ YN0085: │ - @azure/abort-controller@npm:2.1.2, @azure/core-auth@npm:1.10.1, @azure/core-client@npm:1.10.1, @azure/core-http-compat@npm:2.3.1, and 10 more.
➤ YN0000: └ Completed
➤ YN0000: ┌ Post-resolution validation
➤ YN0060: │ @typescript-eslint/parser is listed by your project with version 7.0.0 (p6cb6c0), which doesn't satisfy what @typescript-eslint/eslint-plugin requests (^6.0.0-alpha).
➤ YN0060: │ eslint is listed by your project with version 9.24.0 (pe6e000), which doesn't satisfy what @typescript-eslint/eslint-plugin and other dependencies request (^8.57.0).
➤ YN0002: │ app@workspace:. doesn't provide prettier (pd88b5f), requested by eslint-plugin-prettier.
➤ YN0086: │ Some peer dependencies are incorrectly met by your project; run yarn explain peer-requirements <hash> for details, where <hash> is the six-letter p-prefixed code.
➤ YN0086: │ Some peer dependencies are incorrectly met by dependencies; run yarn explain peer-requirements for details.
➤ YN0000: └ Completed
➤ YN0000: ┌ Fetch step
➤ YN0000: └ Completed in 0s 898ms
➤ YN0000: ┌ Link step
➤ YN0000: └ Completed in 0s 422ms
➤ YN0000: · Done with warnings in 1s 512ms
Environment variables loaded from .env
Prisma schema loaded from prisma/schema.prisma

✔ Generated Prisma Client (v6.7.0) to ./node_modules/.prisma/client in 159ms

Start by importing your Prisma Client (See: https://pris.ly/d/importing-client)

Tip: Easily identify and fix slow SQL queries in your app. Optimize helps you enhance your visibility: https://pris.ly/--optimize

Starting server...
  ▲ Next.js 14.2.28
  - Local:        http://localhost:3000
  - Environments: .env
  - Experiments (use with caution):
    · outputFileTracingRoot

 ✓ Starting...
 ✓ Ready in 1620ms
 ○ Compiling / ...
 ✓ Compiled / in 2.4s (784 modules)
 HEAD / 200 in 2718ms
 ✓ Compiled in 448ms (279 modules)
 GET / 200 in 54ms
 ○ Compiling /api/auth/[...nextauth] ...
 ✓ Compiled /api/auth/[...nextauth] in 1289ms (1646 modules)
 GET /dashboard?_rsc=iqngu 200 in 44ms
 GET /api/auth/session 200 in 1685ms
 GET /api/auth/session 200 in 42ms
 ✓ Compiled /api/clusters in 161ms (974 modules)
 ✓ Compiled (978 modules)
 GET /api/clusters 200 in 524ms
 GET /api/projects 200 in 539ms
 GET /api/organizations 200 in 539ms
 GET /api/clusters 200 in 55ms
 GET /api/projects 200 in 58ms
 GET /api/organizations 200 in 58ms
